<?xml version="1.0" encoding="UTF-8"?>
<coverage generated="1390007159">
  <project timestamp="1390007159">
    <package name="DesignmovesApplication\Controller">
      <file name="D:\websites\designmoves\lab\public_html\__site__\module\DesignmovesApplication\src\DesignmovesApplication/Controller/IndexController.php">
        <class name="IndexController" namespace="DesignmovesApplication\Controller">
          <metrics methods="1" coveredmethods="1" conditionals="0" coveredconditionals="0" statements="3" coveredstatements="3" elements="4" coveredelements="4"/>
        </class>
        <line num="14" type="method" name="placeholderAction" crap="1" count="1"/>
        <line num="16" type="stmt" count="1"/>
        <line num="17" type="stmt" count="1"/>
        <line num="18" type="stmt" count="1"/>
        <line num="21" type="stmt" count="1"/>
        <metrics loc="20" ncloc="15" classes="1" methods="1" coveredmethods="1" conditionals="0" coveredconditionals="0" statements="3" coveredstatements="3" elements="4" coveredelements="4"/>
      </file>
    </package>
    <file name="D:\websites\designmoves\lab\public_html\__site__\module\DesignmovesApplication\src\DesignmovesApplication/Exception/ExceptionInterface.php">
      <line num="8" type="stmt" count="1"/>
      <metrics loc="7" ncloc="7" classes="0" methods="0" coveredmethods="0" conditionals="0" coveredconditionals="0" statements="0" coveredstatements="0" elements="0" coveredelements="0"/>
    </file>
    <package name="DesignmovesApplication\Factory\Listener">
      <file name="D:\websites\designmoves\lab\public_html\__site__\module\DesignmovesApplication\src\DesignmovesApplication/Factory/Listener/ExceptionTemplateListenerFactory.php">
        <class name="ExceptionTemplateListenerFactory" namespace="DesignmovesApplication\Factory\Listener">
          <metrics methods="1" coveredmethods="1" conditionals="0" coveredconditionals="0" statements="2" coveredstatements="2" elements="3" coveredelements="3"/>
        </class>
        <line num="0" type="stmt" count="1"/>
        <line num="17" type="method" name="createService" crap="1" count="1"/>
        <line num="19" type="stmt" count="1"/>
        <line num="20" type="stmt" count="1"/>
        <line num="23" type="stmt" count="1"/>
        <metrics loc="22" ncloc="16" classes="1" methods="1" coveredmethods="1" conditionals="0" coveredconditionals="0" statements="2" coveredstatements="2" elements="3" coveredelements="3"/>
      </file>
    </package>
    <package name="DesignmovesApplication\Factory\Options">
      <file name="D:\websites\designmoves\lab\public_html\__site__\module\DesignmovesApplication\src\DesignmovesApplication/Factory/Options/ModuleOptionsFactory.php">
        <class name="ModuleOptionsFactory" namespace="DesignmovesApplication\Factory\Options">
          <metrics methods="1" coveredmethods="1" conditionals="0" coveredconditionals="0" statements="6" coveredstatements="6" elements="7" coveredelements="7"/>
        </class>
        <line num="15" type="method" name="createService" crap="2" count="1"/>
        <line num="17" type="stmt" count="1"/>
        <line num="19" type="stmt" count="1"/>
        <line num="20" type="stmt" count="1"/>
        <line num="21" type="stmt" count="1"/>
        <line num="22" type="stmt" count="1"/>
        <line num="24" type="stmt" count="1"/>
        <line num="27" type="stmt" count="1"/>
        <metrics loc="26" ncloc="22" classes="1" methods="1" coveredmethods="1" conditionals="0" coveredconditionals="0" statements="6" coveredstatements="6" elements="7" coveredelements="7"/>
      </file>
    </package>
    <file name="D:\websites\designmoves\lab\public_html\__site__\module\DesignmovesApplication\src\DesignmovesApplication/Listener/Exception/ExceptionInterface.php">
      <line num="10" type="stmt" count="1"/>
      <metrics loc="9" ncloc="9" classes="0" methods="0" coveredmethods="0" conditionals="0" coveredconditionals="0" statements="0" coveredstatements="0" elements="0" coveredelements="0"/>
    </file>
    <package name="DesignmovesApplication\Listener\Exception">
      <file name="D:\websites\designmoves\lab\public_html\__site__\module\DesignmovesApplication\src\DesignmovesApplication/Listener/Exception/LogicException.php">
        <class name="LogicException" namespace="DesignmovesApplication\Listener\Exception">
          <metrics methods="0" coveredmethods="0" conditionals="0" coveredconditionals="0" statements="0" coveredstatements="0" elements="0" coveredelements="0"/>
        </class>
        <line num="10" type="stmt" count="1"/>
        <metrics loc="9" ncloc="9" classes="1" methods="0" coveredmethods="0" conditionals="0" coveredconditionals="0" statements="0" coveredstatements="0" elements="0" coveredelements="0"/>
      </file>
    </package>
    <package name="DesignmovesApplication\Listener">
      <file name="D:\websites\designmoves\lab\public_html\__site__\module\DesignmovesApplication\src\DesignmovesApplication/Listener/ExceptionTemplateListener.php">
        <class name="ExceptionTemplateListener" namespace="DesignmovesApplication\Listener">
          <metrics methods="5" coveredmethods="4" conditionals="0" coveredconditionals="0" statements="47" coveredstatements="31" elements="52" coveredelements="35"/>
        </class>
        <line num="32" type="method" name="__construct" crap="1" count="17"/>
        <line num="34" type="stmt" count="17"/>
        <line num="35" type="stmt" count="17"/>
        <line num="42" type="method" name="attach" crap="1" count="16"/>
        <line num="44" type="stmt" count="16"/>
        <line num="46" type="stmt" count="16"/>
        <line num="47" type="stmt" count="16"/>
        <line num="48" type="stmt" count="16"/>
        <line num="55" type="method" name="detach" crap="12" count="0"/>
        <line num="57" type="stmt" count="0"/>
        <line num="58" type="stmt" count="0"/>
        <line num="59" type="stmt" count="0"/>
        <line num="60" type="stmt" count="0"/>
        <line num="61" type="stmt" count="0"/>
        <line num="62" type="stmt" count="0"/>
        <line num="78" type="method" name="prepareExceptionViewModel" crap="7.50" count="11"/>
        <line num="81" type="stmt" count="11"/>
        <line num="82" type="stmt" count="11"/>
        <line num="83" type="stmt" count="1"/>
        <line num="87" type="stmt" count="10"/>
        <line num="88" type="stmt" count="0"/>
        <line num="92" type="stmt" count="10"/>
        <line num="93" type="stmt" count="10"/>
        <line num="94" type="stmt" count="0"/>
        <line num="98" type="stmt" count="10"/>
        <line num="99" type="stmt" count="10"/>
        <line num="100" type="stmt" count="0"/>
        <line num="103" type="stmt" count="10"/>
        <line num="104" type="stmt" count="10"/>
        <line num="105" type="stmt" count="10"/>
        <line num="107" type="stmt" count="10"/>
        <line num="108" type="stmt" count="3"/>
        <line num="109" type="stmt" count="3"/>
        <line num="111" type="stmt" count="10"/>
        <line num="113" type="stmt" count="10"/>
        <line num="114" type="stmt" count="10"/>
        <line num="115" type="stmt" count="0"/>
        <line num="116" type="stmt" count="0"/>
        <line num="117" type="stmt" count="10"/>
        <line num="123" type="method" name="getDefaultStatusCodes" crap="3.65" count="10"/>
        <line num="125" type="stmt" count="10"/>
        <line num="127" type="stmt" count="10"/>
        <line num="128" type="stmt" count="10"/>
        <line num="129" type="stmt" count="0"/>
        <line num="130" type="stmt" count="0"/>
        <line num="131" type="stmt" count="0"/>
        <line num="132" type="stmt" count="0"/>
        <line num="133" type="stmt" count="0"/>
        <line num="136" type="stmt" count="10"/>
        <line num="137" type="stmt" count="10"/>
        <line num="138" type="stmt" count="10"/>
        <line num="140" type="stmt" count="10"/>
        <line num="143" type="stmt" count="1"/>
        <metrics loc="142" ncloc="95" classes="1" methods="5" coveredmethods="2" conditionals="0" coveredconditionals="0" statements="47" coveredstatements="31" elements="52" coveredelements="33"/>
      </file>
    </package>
    <package name="DesignmovesApplication\Options">
      <file name="D:\websites\designmoves\lab\public_html\__site__\module\DesignmovesApplication\src\DesignmovesApplication/Options/ModuleOptions.php">
        <class name="ModuleOptions" namespace="DesignmovesApplication\Options">
          <metrics methods="2" coveredmethods="2" conditionals="0" coveredconditionals="0" statements="3" coveredstatements="3" elements="5" coveredelements="5"/>
        </class>
        <line num="17" type="method" name="setForceLowercaseRequest" crap="1" count="2"/>
        <line num="19" type="stmt" count="2"/>
        <line num="20" type="stmt" count="2"/>
        <line num="25" type="method" name="getForceLowercaseRequest" crap="1" count="2"/>
        <line num="27" type="stmt" count="2"/>
        <line num="30" type="stmt" count="1"/>
        <metrics loc="29" ncloc="20" classes="1" methods="2" coveredmethods="2" conditionals="0" coveredconditionals="0" statements="3" coveredstatements="3" elements="5" coveredelements="5"/>
      </file>
    </package>
    <metrics files="8" loc="264" ncloc="193" classes="6" methods="10" coveredmethods="7" conditionals="0" coveredconditionals="0" statements="61" coveredstatements="45" elements="71" coveredelements="52"/>
  </project>
</coverage>
